<?xml version="1.0" encoding="UTF-8"?>
<robot generator="Robot 6.0.2 (Python 3.10.0 on win32)" generated="20230617 15:19:25.653" rpa="false" schemaversion="3">
<suite id="s1" name="Robot Test" source="C:\Users\infoh\PycharmProjects\Automation_Day1_Projects\Robot Test">
<suite id="s1-s1" name="TC03" source="C:\Users\infoh\PycharmProjects\Automation_Day1_Projects\Robot Test\TC03.robot">
<test id="s1-s1-t1" name="validation" line="22">
<kw name="Create List" library="BuiltIn">
<var>@{role}</var>
<arg>Platform Group Leader</arg>
<arg>Platform Group Engineer</arg>
<arg>Experience Design Leader</arg>
<doc>Returns a list containing given items.</doc>
<msg timestamp="20230617 15:19:26.037" level="INFO">@{role} = [ Platform Group Leader | Platform Group Engineer | Experience Design Leader ]</msg>
<status status="PASS" starttime="20230617 15:19:26.036" endtime="20230617 15:19:26.038"/>
</kw>
<kw name="Create List" library="BuiltIn">
<var>@{id}</var>
<arg>itest001</arg>
<arg>itest002</arg>
<arg>itest003</arg>
<doc>Returns a list containing given items.</doc>
<msg timestamp="20230617 15:19:26.041" level="INFO">@{id} = [ itest001 | itest002 | itest003 ]</msg>
<status status="PASS" starttime="20230617 15:19:26.040" endtime="20230617 15:19:26.041"/>
</kw>
<kw name="Verify the product and platform roles">
<arg>${role}</arg>
<arg>${id}</arg>
<for flavor="IN ZIP">
<var>${roleval}</var>
<var>${idval}</var>
<value>${role}</value>
<value>${id}</value>
<iter>
<var name="${roleval}">Platform Group Leader</var>
<var name="${idval}">itest001</var>
<kw name="Convert To Upper Case" library="String">
<var>${T_P_O}</var>
<arg>${idval}</arg>
<doc>Converts string to upper case.</doc>
<msg timestamp="20230617 15:19:26.047" level="INFO">${T_P_O} = ITEST001</msg>
<status status="PASS" starttime="20230617 15:19:26.046" endtime="20230617 15:19:26.047"/>
</kw>
<kw name="Get Substring" library="String">
<var>${result1}</var>
<arg>${T_P_O}</arg>
<arg>1</arg>
<doc>Returns a substring from ``start`` index to ``end`` index.</doc>
<msg timestamp="20230617 15:19:26.050" level="INFO">${result1} = TEST001</msg>
<status status="PASS" starttime="20230617 15:19:26.049" endtime="20230617 15:19:26.050"/>
</kw>
<kw name="Format String" library="String">
<var>${prod_plat_tpo}</var>
<arg>${Xpath}</arg>
<arg>rolesid=${result1}</arg>
<arg>rolesname=${roleval}</arg>
<doc>Formats a ``template`` using the given ``positional`` and ``named`` arguments.</doc>
<msg timestamp="20230617 15:19:26.054" level="INFO">${prod_plat_tpo} = = //div//div[contains(text(), 'TEST001')]/parent::div/parent::div//div[contains(text(), 'Platform Group Leader')]</msg>
<status status="PASS" starttime="20230617 15:19:26.052" endtime="20230617 15:19:26.055"/>
</kw>
<kw name="Log" library="BuiltIn">
<arg>${prod_plat_tpo}</arg>
<doc>Logs the given message with the given level.</doc>
<msg timestamp="20230617 15:19:26.057" level="INFO">= //div//div[contains(text(), 'TEST001')]/parent::div/parent::div//div[contains(text(), 'Platform Group Leader')]</msg>
<status status="PASS" starttime="20230617 15:19:26.056" endtime="20230617 15:19:26.057"/>
</kw>
<status status="PASS" starttime="20230617 15:19:26.045" endtime="20230617 15:19:26.059"/>
</iter>
<iter>
<var name="${roleval}">Platform Group Engineer</var>
<var name="${idval}">itest002</var>
<kw name="Convert To Upper Case" library="String">
<var>${T_P_O}</var>
<arg>${idval}</arg>
<doc>Converts string to upper case.</doc>
<msg timestamp="20230617 15:19:26.061" level="INFO">${T_P_O} = ITEST002</msg>
<status status="PASS" starttime="20230617 15:19:26.060" endtime="20230617 15:19:26.062"/>
</kw>
<kw name="Get Substring" library="String">
<var>${result1}</var>
<arg>${T_P_O}</arg>
<arg>1</arg>
<doc>Returns a substring from ``start`` index to ``end`` index.</doc>
<msg timestamp="20230617 15:19:26.065" level="INFO">${result1} = TEST002</msg>
<status status="PASS" starttime="20230617 15:19:26.064" endtime="20230617 15:19:26.065"/>
</kw>
<kw name="Format String" library="String">
<var>${prod_plat_tpo}</var>
<arg>${Xpath}</arg>
<arg>rolesid=${result1}</arg>
<arg>rolesname=${roleval}</arg>
<doc>Formats a ``template`` using the given ``positional`` and ``named`` arguments.</doc>
<msg timestamp="20230617 15:19:26.068" level="INFO">${prod_plat_tpo} = = //div//div[contains(text(), 'TEST002')]/parent::div/parent::div//div[contains(text(), 'Platform Group Engineer')]</msg>
<status status="PASS" starttime="20230617 15:19:26.066" endtime="20230617 15:19:26.068"/>
</kw>
<kw name="Log" library="BuiltIn">
<arg>${prod_plat_tpo}</arg>
<doc>Logs the given message with the given level.</doc>
<msg timestamp="20230617 15:19:26.070" level="INFO">= //div//div[contains(text(), 'TEST002')]/parent::div/parent::div//div[contains(text(), 'Platform Group Engineer')]</msg>
<status status="PASS" starttime="20230617 15:19:26.069" endtime="20230617 15:19:26.070"/>
</kw>
<status status="PASS" starttime="20230617 15:19:26.060" endtime="20230617 15:19:26.072"/>
</iter>
<iter>
<var name="${roleval}">Experience Design Leader</var>
<var name="${idval}">itest003</var>
<kw name="Convert To Upper Case" library="String">
<var>${T_P_O}</var>
<arg>${idval}</arg>
<doc>Converts string to upper case.</doc>
<msg timestamp="20230617 15:19:26.074" level="INFO">${T_P_O} = ITEST003</msg>
<status status="PASS" starttime="20230617 15:19:26.073" endtime="20230617 15:19:26.074"/>
</kw>
<kw name="Get Substring" library="String">
<var>${result1}</var>
<arg>${T_P_O}</arg>
<arg>1</arg>
<doc>Returns a substring from ``start`` index to ``end`` index.</doc>
<msg timestamp="20230617 15:19:26.077" level="INFO">${result1} = TEST003</msg>
<status status="PASS" starttime="20230617 15:19:26.076" endtime="20230617 15:19:26.077"/>
</kw>
<kw name="Format String" library="String">
<var>${prod_plat_tpo}</var>
<arg>${Xpath}</arg>
<arg>rolesid=${result1}</arg>
<arg>rolesname=${roleval}</arg>
<doc>Formats a ``template`` using the given ``positional`` and ``named`` arguments.</doc>
<msg timestamp="20230617 15:19:26.080" level="INFO">${prod_plat_tpo} = = //div//div[contains(text(), 'TEST003')]/parent::div/parent::div//div[contains(text(), 'Experience Design Leader')]</msg>
<status status="PASS" starttime="20230617 15:19:26.080" endtime="20230617 15:19:26.080"/>
</kw>
<kw name="Log" library="BuiltIn">
<arg>${prod_plat_tpo}</arg>
<doc>Logs the given message with the given level.</doc>
<msg timestamp="20230617 15:19:26.084" level="INFO">= //div//div[contains(text(), 'TEST003')]/parent::div/parent::div//div[contains(text(), 'Experience Design Leader')]</msg>
<status status="PASS" starttime="20230617 15:19:26.084" endtime="20230617 15:19:26.084"/>
</kw>
<status status="PASS" starttime="20230617 15:19:26.073" endtime="20230617 15:19:26.084"/>
</iter>
<status status="PASS" starttime="20230617 15:19:26.044" endtime="20230617 15:19:26.084"/>
</for>
<status status="PASS" starttime="20230617 15:19:26.043" endtime="20230617 15:19:26.094"/>
</kw>
<kw name="Close Browser" library="SeleniumLibrary" type="TEARDOWN">
<doc>Closes the current browser.</doc>
<status status="PASS" starttime="20230617 15:19:26.095" endtime="20230617 15:19:26.095"/>
</kw>
<tag>sanity</tag>
<status status="PASS" starttime="20230617 15:19:26.034" endtime="20230617 15:19:26.095"/>
</test>
<status status="PASS" starttime="20230617 15:19:25.762" endtime="20230617 15:19:26.095"/>
</suite>
<status status="PASS" starttime="20230617 15:19:25.740" endtime="20230617 15:19:26.095"/>
</suite>
<statistics>
<total>
<stat pass="1" fail="0" skip="0">All Tests</stat>
</total>
<tag>
<stat pass="1" fail="0" skip="0">sanity</stat>
</tag>
<suite>
<stat pass="1" fail="0" skip="0" id="s1" name="Robot Test">Robot Test</stat>
<stat pass="1" fail="0" skip="0" id="s1-s1" name="TC03">Robot Test.TC03</stat>
</suite>
</statistics>
<errors>
</errors>
</robot>
