<?xml version="1.0" encoding="UTF-8"?>
<robot generator="Robot 6.0.2 (Python 3.10.0 on win32)" generated="20230617 15:19:25.638" rpa="false" schemaversion="3">
<suite id="s1" name="Robot Test" source="C:\Users\infoh\PycharmProjects\Automation_Day1_Projects\Robot Test">
<suite id="s1-s1" name="TC04" source="C:\Users\infoh\PycharmProjects\Automation_Day1_Projects\Robot Test\TC04.robot">
<test id="s1-s1-t1" name="ABBBBB" line="30">
<kw name="ABBBBB">
<arg>${user}</arg>
<arg>${pass}</arg>
<kw name="Open Browser" library="SeleniumLibrary">
<arg>https://www.saucedemo.com/</arg>
<arg>${BROWSER}</arg>
<doc>Opens a new browser instance to the optional ``url``.</doc>
<msg timestamp="20230617 15:19:26.041" level="INFO">Opening browser 'chrome' to base url 'https://www.saucedemo.com/'.</msg>
<status status="PASS" starttime="20230617 15:19:26.040" endtime="20230617 15:19:29.113"/>
</kw>
<kw name="Maximize Browser Window" library="SeleniumLibrary">
<doc>Maximizes current browser window.</doc>
<status status="PASS" starttime="20230617 15:19:29.118" endtime="20230617 15:19:29.302"/>
</kw>
<kw name="Input Text" library="SeleniumLibrary">
<arg>//input[@id="user-name"]</arg>
<arg>${username}</arg>
<doc>Types the given ``text`` into the text field identified by ``locator``.</doc>
<msg timestamp="20230617 15:19:29.309" level="INFO">Typing text 'standard_user' into text field '//input[@id="user-name"]'.</msg>
<status status="PASS" starttime="20230617 15:19:29.302" endtime="20230617 15:19:29.556"/>
</kw>
<kw name="Press Keys" library="SeleniumLibrary">
<arg>//input[@id="user-name"]</arg>
<arg>CTRL+A+C</arg>
<doc>Simulates the user pressing key(s) to an element or on the active browser.</doc>
<msg timestamp="20230617 15:19:29.561" level="INFO">Sending key(s) ('CTRL+A+C',) to //input[@id="user-name"] element.</msg>
<msg timestamp="20230617 15:19:29.857" level="INFO">Pressing special key CONTROL down.</msg>
<msg timestamp="20230617 15:19:29.857" level="INFO">Sending key A</msg>
<msg timestamp="20230617 15:19:29.857" level="INFO">Sending key C</msg>
<msg timestamp="20230617 15:19:29.857" level="INFO">Releasing special key CONTROL.</msg>
<status status="PASS" starttime="20230617 15:19:29.558" endtime="20230617 15:19:29.913"/>
</kw>
<kw name="Log" library="BuiltIn">
<arg>${username}</arg>
<doc>Logs the given message with the given level.</doc>
<msg timestamp="20230617 15:19:29.913" level="INFO">standard_user</msg>
<status status="PASS" starttime="20230617 15:19:29.913" endtime="20230617 15:19:29.913"/>
</kw>
<kw name="Sleep" library="BuiltIn">
<arg>2</arg>
<doc>Pauses the test executed for the given time.</doc>
<msg timestamp="20230617 15:19:31.919" level="INFO">Slept 2 seconds</msg>
<status status="PASS" starttime="20230617 15:19:29.913" endtime="20230617 15:19:31.919"/>
</kw>
<kw name="Get Text" library="SeleniumLibrary">
<var>${bvalue}</var>
<arg>//input[@id="user-name"]</arg>
<doc>Returns the text value of the element identified by ``locator``.</doc>
<msg timestamp="20230617 15:19:31.948" level="INFO">${bvalue} = </msg>
<status status="PASS" starttime="20230617 15:19:31.919" endtime="20230617 15:19:31.948"/>
</kw>
<kw name="Log" library="BuiltIn">
<arg>${bvalue}</arg>
<doc>Logs the given message with the given level.</doc>
<msg timestamp="20230617 15:19:31.950" level="INFO"/>
<status status="PASS" starttime="20230617 15:19:31.950" endtime="20230617 15:19:31.950"/>
</kw>
<kw name="Press Keys" library="SeleniumLibrary">
<arg>//input[@id="password"]</arg>
<arg>CTRL+V</arg>
<doc>Simulates the user pressing key(s) to an element or on the active browser.</doc>
<msg timestamp="20230617 15:19:31.954" level="INFO">Sending key(s) ('CTRL+V',) to //input[@id="password"] element.</msg>
<msg timestamp="20230617 15:19:32.251" level="INFO">Pressing special key CONTROL down.</msg>
<msg timestamp="20230617 15:19:32.251" level="INFO">Sending key V</msg>
<msg timestamp="20230617 15:19:32.251" level="INFO">Releasing special key CONTROL.</msg>
<status status="PASS" starttime="20230617 15:19:31.954" endtime="20230617 15:19:32.275"/>
</kw>
<kw name="Get Value" library="SeleniumLibrary">
<var>${avalue}</var>
<arg>//input[@id="password"]</arg>
<doc>Returns the value attribute of the element identified by ``locator``.</doc>
<msg timestamp="20230617 15:19:32.303" level="INFO">${avalue} = standard_user</msg>
<status status="PASS" starttime="20230617 15:19:32.276" endtime="20230617 15:19:32.303"/>
</kw>
<kw name="Log" library="BuiltIn">
<arg>${avalue}</arg>
<doc>Logs the given message with the given level.</doc>
<msg timestamp="20230617 15:19:32.306" level="INFO">standard_user</msg>
<status status="PASS" starttime="20230617 15:19:32.304" endtime="20230617 15:19:32.306"/>
</kw>
<kw name="Sleep" library="BuiltIn">
<arg>5</arg>
<doc>Pauses the test executed for the given time.</doc>
<msg timestamp="20230617 15:19:37.312" level="INFO">Slept 5 seconds</msg>
<status status="PASS" starttime="20230617 15:19:32.308" endtime="20230617 15:19:37.312"/>
</kw>
<status status="PASS" starttime="20230617 15:19:26.038" endtime="20230617 15:19:37.312"/>
</kw>
<tag>sanity</tag>
<status status="PASS" starttime="20230617 15:19:26.036" endtime="20230617 15:19:37.312"/>
</test>
<kw name="Close Browser" library="SeleniumLibrary" type="TEARDOWN">
<doc>Closes the current browser.</doc>
<status status="PASS" starttime="20230617 15:19:37.312" endtime="20230617 15:19:39.468"/>
</kw>
<status status="PASS" starttime="20230617 15:19:25.762" endtime="20230617 15:19:39.469"/>
</suite>
<status status="PASS" starttime="20230617 15:19:25.742" endtime="20230617 15:19:39.477"/>
</suite>
<statistics>
<total>
<stat pass="1" fail="0" skip="0">All Tests</stat>
</total>
<tag>
<stat pass="1" fail="0" skip="0">sanity</stat>
</tag>
<suite>
<stat pass="1" fail="0" skip="0" id="s1" name="Robot Test">Robot Test</stat>
<stat pass="1" fail="0" skip="0" id="s1-s1" name="TC04">Robot Test.TC04</stat>
</suite>
</statistics>
<errors>
</errors>
</robot>
