<?xml version="1.0" encoding="UTF-8"?>
<robot generator="Robot 6.0.2 (Python 3.10.0 on win32)" generated="20230617 15:19:25.637" rpa="false" schemaversion="3">
<suite id="s1" name="Robot Test" source="C:\Users\infoh\PycharmProjects\Automation_Day1_Projects\Robot Test">
<suite id="s1-s1" name="TC02" source="C:\Users\infoh\PycharmProjects\Automation_Day1_Projects\Robot Test\TC02.robot">
<test id="s1-s1-t1" name="Positive" line="7">
<kw name="Open Browser" library="SeleniumLibrary">
<arg>https://www.saucedemo.com/</arg>
<arg>chrome</arg>
<arg>--incognito</arg>
<doc>Opens a new browser instance to the optional ``url``.</doc>
<msg timestamp="20230617 15:19:26.015" level="INFO">Opening browser 'chrome' to base url 'https://www.saucedemo.com/'.</msg>
<status status="PASS" starttime="20230617 15:19:26.014" endtime="20230617 15:19:29.123"/>
</kw>
<kw name="Maximize Browser Window" library="SeleniumLibrary">
<doc>Maximizes current browser window.</doc>
<status status="PASS" starttime="20230617 15:19:29.124" endtime="20230617 15:19:29.316"/>
</kw>
<kw name="Input Text" library="SeleniumLibrary">
<arg>//input[@id="user-name"]</arg>
<arg>jack</arg>
<doc>Types the given ``text`` into the text field identified by ``locator``.</doc>
<msg timestamp="20230617 15:19:29.318" level="INFO">Typing text 'jack' into text field '//input[@id="user-name"]'.</msg>
<status status="PASS" starttime="20230617 15:19:29.316" endtime="20230617 15:19:29.556"/>
</kw>
<kw name="Sleep" library="BuiltIn">
<arg>3</arg>
<doc>Pauses the test executed for the given time.</doc>
<msg timestamp="20230617 15:19:32.563" level="INFO">Slept 3 seconds</msg>
<status status="PASS" starttime="20230617 15:19:29.559" endtime="20230617 15:19:32.563"/>
</kw>
<kw name="Close Browser" library="SeleniumLibrary" type="TEARDOWN">
<doc>Closes the current browser.</doc>
<status status="PASS" starttime="20230617 15:19:32.566" endtime="20230617 15:19:34.715"/>
</kw>
<tag>sanity</tag>
<status status="PASS" starttime="20230617 15:19:26.012" endtime="20230617 15:19:34.716"/>
</test>
<status status="PASS" starttime="20230617 15:19:25.762" endtime="20230617 15:19:34.719"/>
</suite>
<status status="PASS" starttime="20230617 15:19:25.746" endtime="20230617 15:19:34.725"/>
</suite>
<statistics>
<total>
<stat pass="1" fail="0" skip="0">All Tests</stat>
</total>
<tag>
<stat pass="1" fail="0" skip="0">sanity</stat>
</tag>
<suite>
<stat pass="1" fail="0" skip="0" id="s1" name="Robot Test">Robot Test</stat>
<stat pass="1" fail="0" skip="0" id="s1-s1" name="TC02">Robot Test.TC02</stat>
</suite>
</statistics>
<errors>
</errors>
</robot>
